----------------------------------------------------------------
Tue Jun 02 17:07:31 IST 2020:
Booting Derby version The Apache Software Foundation - Apache Derby - 10.14.2.0 - (1828579): instance a816c00e-0172-74d2-7cbe-000006804e88 
on database directory memory:C:\Users\AVIJIT\SpringBootWS\springboot-course-api\6bc667f4-c56c-428c-9fb7-6673e02853dd with class loader sun.misc.Launcher$AppClassLoader@659e0bfd 
Loaded from file:/C:/Users/AVIJIT/.m2/repository/org/apache/derby/derby/10.14.2.0/derby-10.14.2.0.jar
java.vendor=Oracle Corporation
java.runtime.version=1.8.0_162-b12
user.dir=C:\Users\AVIJIT\SpringBootWS\springboot-course-api
os.name=Windows 10
os.arch=amd64
os.version=10.0
derby.system.home=null
Database Class Loader started - derby.database.classpath=''
----------------------------------------------------------------
Tue Jun 02 17:09:33 IST 2020:
Shutting down instance a816c00e-0172-74d2-7cbe-000006804e88 on database directory memory:C:\Users\AVIJIT\SpringBootWS\springboot-course-api\6bc667f4-c56c-428c-9fb7-6673e02853dd with class loader sun.misc.Launcher$AppClassLoader@659e0bfd 
----------------------------------------------------------------
Tue Jun 02 17:09:35 IST 2020:
Booting Derby version The Apache Software Foundation - Apache Derby - 10.14.2.0 - (1828579): instance ac3880cc-0172-74d2-7cbe-000006804e88 
on database directory memory:C:\Users\AVIJIT\SpringBootWS\springboot-course-api\dbbf2106-d2e8-4eb2-ace4-08ea92ab487d with class loader sun.misc.Launcher$AppClassLoader@659e0bfd 
Loaded from file:/C:/Users/AVIJIT/.m2/repository/org/apache/derby/derby/10.14.2.0/derby-10.14.2.0.jar
java.vendor=Oracle Corporation
java.runtime.version=1.8.0_162-b12
user.dir=C:\Users\AVIJIT\SpringBootWS\springboot-course-api
os.name=Windows 10
os.arch=amd64
os.version=10.0
derby.system.home=null
Database Class Loader started - derby.database.classpath=''
----------------------------------------------------------------
Tue Jun 02 17:10:47 IST 2020:
Shutting down instance ac3880cc-0172-74d2-7cbe-000006804e88 on database directory memory:C:\Users\AVIJIT\SpringBootWS\springboot-course-api\dbbf2106-d2e8-4eb2-ace4-08ea92ab487d with class loader sun.misc.Launcher$AppClassLoader@659e0bfd 
----------------------------------------------------------------
Tue Jun 02 17:10:48 IST 2020:
Booting Derby version The Apache Software Foundation - Apache Derby - 10.14.2.0 - (1828579): instance 939b418a-0172-74d2-7cbe-000006804e88 
on database directory memory:C:\Users\AVIJIT\SpringBootWS\springboot-course-api\d3afd49b-6f53-4a11-9a6e-a4db54e9c493 with class loader sun.misc.Launcher$AppClassLoader@659e0bfd 
Loaded from file:/C:/Users/AVIJIT/.m2/repository/org/apache/derby/derby/10.14.2.0/derby-10.14.2.0.jar
java.vendor=Oracle Corporation
java.runtime.version=1.8.0_162-b12
user.dir=C:\Users\AVIJIT\SpringBootWS\springboot-course-api
os.name=Windows 10
os.arch=amd64
os.version=10.0
derby.system.home=null
Database Class Loader started - derby.database.classpath=''
----------------------------------------------------------------
Tue Jun 02 17:21:07 IST 2020:
Shutting down instance 939b418a-0172-74d2-7cbe-000006804e88 on database directory memory:C:\Users\AVIJIT\SpringBootWS\springboot-course-api\d3afd49b-6f53-4a11-9a6e-a4db54e9c493 with class loader sun.misc.Launcher$AppClassLoader@659e0bfd 
----------------------------------------------------------------
Tue Jun 02 17:21:08 IST 2020:
Booting Derby version The Apache Software Foundation - Apache Derby - 10.14.2.0 - (1828579): instance de3f0248-0172-74d2-7cbe-000006804e88 
on database directory memory:C:\Users\AVIJIT\SpringBootWS\springboot-course-api\0bfcd8b1-9954-4725-92c0-52d3380af3fd with class loader sun.misc.Launcher$AppClassLoader@659e0bfd 
Loaded from file:/C:/Users/AVIJIT/.m2/repository/org/apache/derby/derby/10.14.2.0/derby-10.14.2.0.jar
java.vendor=Oracle Corporation
java.runtime.version=1.8.0_162-b12
user.dir=C:\Users\AVIJIT\SpringBootWS\springboot-course-api
os.name=Windows 10
os.arch=amd64
os.version=10.0
derby.system.home=null
Database Class Loader started - derby.database.classpath=''
----------------------------------------------------------------
Tue Jun 02 17:22:07 IST 2020:
Shutting down instance de3f0248-0172-74d2-7cbe-000006804e88 on database directory memory:C:\Users\AVIJIT\SpringBootWS\springboot-course-api\0bfcd8b1-9954-4725-92c0-52d3380af3fd with class loader sun.misc.Launcher$AppClassLoader@659e0bfd 
----------------------------------------------------------------
Tue Jun 02 17:22:09 IST 2020:
Booting Derby version The Apache Software Foundation - Apache Derby - 10.14.2.0 - (1828579): instance 0c23c306-0172-74d2-7cbe-000006804e88 
on database directory memory:C:\Users\AVIJIT\SpringBootWS\springboot-course-api\8830c046-a06b-4f6f-8192-e5f76cf0cb7a with class loader sun.misc.Launcher$AppClassLoader@659e0bfd 
Loaded from file:/C:/Users/AVIJIT/.m2/repository/org/apache/derby/derby/10.14.2.0/derby-10.14.2.0.jar
java.vendor=Oracle Corporation
java.runtime.version=1.8.0_162-b12
user.dir=C:\Users\AVIJIT\SpringBootWS\springboot-course-api
os.name=Windows 10
os.arch=amd64
os.version=10.0
derby.system.home=null
Database Class Loader started - derby.database.classpath=''
----------------------------------------------------------------
Tue Jun 02 17:28:42 IST 2020:
Shutting down instance 0c23c306-0172-74d2-7cbe-000006804e88 on database directory memory:C:\Users\AVIJIT\SpringBootWS\springboot-course-api\8830c046-a06b-4f6f-8192-e5f76cf0cb7a with class loader sun.misc.Launcher$AppClassLoader@659e0bfd 
----------------------------------------------------------------
Tue Jun 02 17:28:44 IST 2020:
Booting Derby version The Apache Software Foundation - Apache Derby - 10.14.2.0 - (1828579): instance ebe5c3cb-0172-74d2-7cbe-000006804e88 
on database directory memory:C:\Users\AVIJIT\SpringBootWS\springboot-course-api\fca795a9-9c53-4815-85ec-24d739d2d15b with class loader sun.misc.Launcher$AppClassLoader@659e0bfd 
Loaded from file:/C:/Users/AVIJIT/.m2/repository/org/apache/derby/derby/10.14.2.0/derby-10.14.2.0.jar
java.vendor=Oracle Corporation
java.runtime.version=1.8.0_162-b12
user.dir=C:\Users\AVIJIT\SpringBootWS\springboot-course-api
os.name=Windows 10
os.arch=amd64
os.version=10.0
derby.system.home=null
Database Class Loader started - derby.database.classpath=''
----------------------------------------------------------------
Tue Jun 02 17:28:47 IST 2020:
Shutting down instance ebe5c3cb-0172-74d2-7cbe-000006804e88 on database directory memory:C:\Users\AVIJIT\SpringBootWS\springboot-course-api\fca795a9-9c53-4815-85ec-24d739d2d15b with class loader sun.misc.Launcher$AppClassLoader@659e0bfd 
----------------------------------------------------------------
Tue Jun 02 17:28:48 IST 2020:
Booting Derby version The Apache Software Foundation - Apache Derby - 10.14.2.0 - (1828579): instance 91990489-0172-74d2-7cbe-000006804e88 
on database directory memory:C:\Users\AVIJIT\SpringBootWS\springboot-course-api\95bd3094-dbae-4df2-82fb-aa49fab5f183 with class loader sun.misc.Launcher$AppClassLoader@659e0bfd 
Loaded from file:/C:/Users/AVIJIT/.m2/repository/org/apache/derby/derby/10.14.2.0/derby-10.14.2.0.jar
java.vendor=Oracle Corporation
java.runtime.version=1.8.0_162-b12
user.dir=C:\Users\AVIJIT\SpringBootWS\springboot-course-api
os.name=Windows 10
os.arch=amd64
os.version=10.0
derby.system.home=null
Database Class Loader started - derby.database.classpath=''
----------------------------------------------------------------
Tue Jun 02 17:29:11 IST 2020:
Shutting down instance 91990489-0172-74d2-7cbe-000006804e88 on database directory memory:C:\Users\AVIJIT\SpringBootWS\springboot-course-api\95bd3094-dbae-4df2-82fb-aa49fab5f183 with class loader sun.misc.Launcher$AppClassLoader@659e0bfd 
----------------------------------------------------------------
Tue Jun 02 17:29:12 IST 2020:
Booting Derby version The Apache Software Foundation - Apache Derby - 10.14.2.0 - (1828579): instance 5a8d4547-0172-74d2-7cbe-000006804e88 
on database directory memory:C:\Users\AVIJIT\SpringBootWS\springboot-course-api\c2bac56c-284a-43cc-8e21-75153d44044b with class loader sun.misc.Launcher$AppClassLoader@659e0bfd 
Loaded from file:/C:/Users/AVIJIT/.m2/repository/org/apache/derby/derby/10.14.2.0/derby-10.14.2.0.jar
java.vendor=Oracle Corporation
java.runtime.version=1.8.0_162-b12
user.dir=C:\Users\AVIJIT\SpringBootWS\springboot-course-api
os.name=Windows 10
os.arch=amd64
os.version=10.0
derby.system.home=null
Database Class Loader started - derby.database.classpath=''
----------------------------------------------------------------
Tue Jun 02 17:34:36 IST 2020:
Shutting down instance 5a8d4547-0172-74d2-7cbe-000006804e88 on database directory memory:C:\Users\AVIJIT\SpringBootWS\springboot-course-api\c2bac56c-284a-43cc-8e21-75153d44044b with class loader sun.misc.Launcher$AppClassLoader@659e0bfd 
----------------------------------------------------------------
Tue Jun 02 17:34:38 IST 2020:
Booting Derby version The Apache Software Foundation - Apache Derby - 10.14.2.0 - (1828579): instance c6c28605-0172-74d2-7cbe-000006804e88 
on database directory memory:C:\Users\AVIJIT\SpringBootWS\springboot-course-api\ac0c86fc-0614-4b8f-8537-36388baeba09 with class loader sun.misc.Launcher$AppClassLoader@659e0bfd 
Loaded from file:/C:/Users/AVIJIT/.m2/repository/org/apache/derby/derby/10.14.2.0/derby-10.14.2.0.jar
java.vendor=Oracle Corporation
java.runtime.version=1.8.0_162-b12
user.dir=C:\Users\AVIJIT\SpringBootWS\springboot-course-api
os.name=Windows 10
os.arch=amd64
os.version=10.0
derby.system.home=null
Database Class Loader started - derby.database.classpath=''
----------------------------------------------------------------
Tue Jun 02 17:35:23 IST 2020:
Shutting down instance c6c28605-0172-74d2-7cbe-000006804e88 on database directory memory:C:\Users\AVIJIT\SpringBootWS\springboot-course-api\ac0c86fc-0614-4b8f-8537-36388baeba09 with class loader sun.misc.Launcher$AppClassLoader@659e0bfd 
----------------------------------------------------------------
Tue Jun 02 17:35:24 IST 2020:
Booting Derby version The Apache Software Foundation - Apache Derby - 10.14.2.0 - (1828579): instance 5638c6c3-0172-74d2-7cbe-000006804e88 
on database directory memory:C:\Users\AVIJIT\SpringBootWS\springboot-course-api\e222bdab-f7fb-4d5a-a62c-65d9a6d96e44 with class loader sun.misc.Launcher$AppClassLoader@659e0bfd 
Loaded from file:/C:/Users/AVIJIT/.m2/repository/org/apache/derby/derby/10.14.2.0/derby-10.14.2.0.jar
java.vendor=Oracle Corporation
java.runtime.version=1.8.0_162-b12
user.dir=C:\Users\AVIJIT\SpringBootWS\springboot-course-api
os.name=Windows 10
os.arch=amd64
os.version=10.0
derby.system.home=null
Database Class Loader started - derby.database.classpath=''
----------------------------------------------------------------
Tue Jun 02 17:36:57 IST 2020:
Shutting down instance 5638c6c3-0172-74d2-7cbe-000006804e88 on database directory memory:C:\Users\AVIJIT\SpringBootWS\springboot-course-api\e222bdab-f7fb-4d5a-a62c-65d9a6d96e44 with class loader sun.misc.Launcher$AppClassLoader@659e0bfd 
----------------------------------------------------------------
Tue Jun 02 17:36:59 IST 2020:
Booting Derby version The Apache Software Foundation - Apache Derby - 10.14.2.0 - (1828579): instance 88f00781-0172-74d2-7cbe-000006804e88 
on database directory memory:C:\Users\AVIJIT\SpringBootWS\springboot-course-api\4bc67222-a9ba-4cc7-96b0-92cf8874299e with class loader sun.misc.Launcher$AppClassLoader@659e0bfd 
Loaded from file:/C:/Users/AVIJIT/.m2/repository/org/apache/derby/derby/10.14.2.0/derby-10.14.2.0.jar
java.vendor=Oracle Corporation
java.runtime.version=1.8.0_162-b12
user.dir=C:\Users\AVIJIT\SpringBootWS\springboot-course-api
os.name=Windows 10
os.arch=amd64
os.version=10.0
derby.system.home=null
Database Class Loader started - derby.database.classpath=''
----------------------------------------------------------------
Tue Jun 02 17:39:07 IST 2020:
Shutting down instance 88f00781-0172-74d2-7cbe-000006804e88 on database directory memory:C:\Users\AVIJIT\SpringBootWS\springboot-course-api\4bc67222-a9ba-4cc7-96b0-92cf8874299e with class loader sun.misc.Launcher$AppClassLoader@659e0bfd 
----------------------------------------------------------------
Tue Jun 02 17:39:08 IST 2020:
Booting Derby version The Apache Software Foundation - Apache Derby - 10.14.2.0 - (1828579): instance dee8483f-0172-74d2-7cbe-000006804e88 
on database directory memory:C:\Users\AVIJIT\SpringBootWS\springboot-course-api\1e03de43-e709-43b0-bae0-0886e0ef441b with class loader sun.misc.Launcher$AppClassLoader@659e0bfd 
Loaded from file:/C:/Users/AVIJIT/.m2/repository/org/apache/derby/derby/10.14.2.0/derby-10.14.2.0.jar
java.vendor=Oracle Corporation
java.runtime.version=1.8.0_162-b12
user.dir=C:\Users\AVIJIT\SpringBootWS\springboot-course-api
os.name=Windows 10
os.arch=amd64
os.version=10.0
derby.system.home=null
Database Class Loader started - derby.database.classpath=''
